┏━━━━━━━━━━━━━━━━━━━━━━━━━━━━━━━━━━━━━━━━━━━━━━━━━━━━┓
┃ 🚀 自动化对账与更新系统  [2026-05-01 12:20:22] ┃
┣━━━━━━━━━━━━━━━━━━━━━━━━━━━━━━━━━━━━━━━━━━━━━━━━━━━━┫
┃ 📊 全局对账: 读取 92 | 有效 89 | 重复 3
┣━━━━━━━━━━━━━━━━━━━━━━━━━━━━━━━━━━━━━━━━━━━━━━━━━━━━┫
┃ ⚠️ 深度审计清单 (精准对账追踪):
┃ 📍 冲突地址: [104.19.54.224]
┃   ┣ 💎 最终存放: max.txt 第 24 行
┃   ┣ 📥 原始出处: cf.090227.xyz.txt 第 44 行
┃   ┗ ❌ 重复位置: vps789.com.txt 第 9 行
┃
┃ 📍 冲突地址: [fn.130519.xyz]
┃   ┣ 💎 最终存放: max.txt 第 60 行
┃   ┣ 📥 原始出处: cf.090227.xyz.txt 第 26 行
┃   ┗ ❌ 重复位置: vps789.com.txt 第 21 行
┃
┃ 📍 冲突地址: [cf.tencentapp.cn]
┃   ┣ 💎 最终存放: max.txt 第 68 行
┃   ┣ 📥 原始出处: cf.090227.xyz.txt 第 10 行
┃   ┗ ❌ 重复位置: vps789.com.txt 第 25 行
┃
┣━━━━━━━━━━━━━━━━━━━━━━━━━━━━━━━━━━━━━━━━━━━━━━━━━━━━┫
┃ 📂 来源构成分布:
┃ ┣ cf.090227.xyz.txt: 读取  50 | 有效  50 | 重复   0
┃ ┣ vps789.com.txt : 读取  32 | 有效  29 | 重复   3
┃ ┣ cf-speed-dns.txt: 读取  10 | 有效  10 | 重复   0
┗━━━━━━━━━━━━━━━━━━━━━━━━━━━━━━━━━━━━━━━━━━━━━━━━━━━━┛
